------------------------------
  Elements     Atomic Weight  
------------------------------
  1.	C         12.01099968
  2.	H          1.00800002
  3.	O         15.99899960
  4.	N         14.00699997
------------------------------


--------------------------------------------------------------------------------------------------------------
                                                Molecular        Temperature        Elements
  Species                  Phase  Charge         weight         Low      High       C       H       O       N
--------------------------------------------------------------------------------------------------------------
    1. H2                    G      0            2.016000    300.00   5000.00       0       2       0       0
    2. O2                    G      0           31.997999    300.00   5000.00       0       0       2       0
    3. H2O                   G      0           18.015000    200.00   3500.00       0       2       1       0
    4. O                     G      0           15.999000    300.00   5000.00       0       0       1       0
    5. H                     G      0            1.008000    200.00   3500.00       0       1       0       0
    6. OH                    G      0           17.007000    200.00   3500.00       0       1       1       0
    7. CO                    G      0           28.009999    200.00   3500.00       1       0       1       0
    8. CO2                   G      0           44.008999    200.00   3500.00       1       0       2       0
    9. CH4                   G      0           16.043000    200.00   3500.00       1       4       0       0
   10. CH                    G      0           13.019000    200.00   3500.00       1       1       0       0
   11. CH2                   G      0           14.027000    200.00   3500.00       1       2       0       0
   12. CH3                   G      0           15.035000    200.00   3500.00       1       3       0       0
   13. C                     G      0           12.011000    200.00   3500.00       1       0       0       0
   14. N2                    G      0           28.014000    300.00   5000.00       0       0       0       2
   15. COOH                  G      0           45.016999    200.00   6000.00       1       1       2       0
   16. HCOO                  G      0           45.016999    298.15   5000.00       1       1       2       0
--------------------------------------------------------------------------------------------------------------

--------------------------------------------------------------------------------------------------------------
                                                Molecular        Temperature        Elements
  Species                  Phase  Charge         weight         Low      High       C       H       O       N
--------------------------------------------------------------------------------------------------------------
   14. N2                    G      0           28.014000    300.00   5000.00       0       0       0       2
    4. O                     G      0           15.999000    300.00   5000.00       0       0       1       0
    2. O2                    G      0           31.997999    300.00   5000.00       0       0       2       0
    5. H                     G      0            1.008000    200.00   3500.00       0       1       0       0
    6. OH                    G      0           17.007000    200.00   3500.00       0       1       1       0
    1. H2                    G      0            2.016000    300.00   5000.00       0       2       0       0
    3. H2O                   G      0           18.015000    200.00   3500.00       0       2       1       0
   13. C                     G      0           12.011000    200.00   3500.00       1       0       0       0
    7. CO                    G      0           28.009999    200.00   3500.00       1       0       1       0
    8. CO2                   G      0           44.008999    200.00   3500.00       1       0       2       0
   10. CH                    G      0           13.019000    200.00   3500.00       1       1       0       0
   15. COOH                  G      0           45.016999    200.00   6000.00       1       1       2       0
   16. HCOO                  G      0           45.016999    298.15   5000.00       1       1       2       0
   11. CH2                   G      0           14.027000    200.00   3500.00       1       2       0       0
   12. CH3                   G      0           15.035000    200.00   3500.00       1       3       0       0
    9. CH4                   G      0           16.043000    200.00   3500.00       1       4       0       0
--------------------------------------------------------------------------------------------------------------

------------------------------------------------------------------------------------------------------------------
  Species                  Shape       eps/kb          sigma             mu           alfa        zRot298         
------------------------------------------------------------------------------------------------------------------
    1. H2                    1        38.0000         2.9200         0.0000         0.7900       280.0000
    2. O2                    1       107.4000         3.4580         0.0000         1.6000         3.8000
    3. H2O                   2       572.4000         2.6050         1.8440         0.0000         4.0000
    4. O                     0        80.0000         2.7500         0.0000         0.0000         0.0000
    5. H                     0       145.0000         2.0500         0.0000         0.0000         0.0000
    6. OH                    1        80.0000         2.7500         0.0000         0.0000         0.0000
    7. CO                    1        98.1000         3.6500         0.0000         1.9500         1.8000
    8. CO2                   1       244.0000         3.7630         0.0000         2.6500         2.1000
    9. CH4                   2       141.4000         3.7460         0.0000         2.6000        13.0000
   10. CH                    1        80.0000         2.7500         0.0000         0.0000         0.0000
   11. CH2                   1       144.0000         3.8000         0.0000         0.0000         0.0000
   12. CH3                   1       144.0000         3.8000         0.0000         0.0000         0.0000
   13. C                     0        71.4000         3.2980         0.0000         0.0000         0.0000
   14. N2                    1        97.5300         3.6210         0.0000         1.7600         4.0000
   15. COOH                  2       498.0000         3.5900         0.0000         0.0000         0.0000
   16. HCOO                  2       498.0000         3.5900         0.0000         0.0000         0.0000
------------------------------------------------------------------------------------------------------------------


------------------------------------------------------------------------------------------------------------------
  Species                  Shape       eps/kb          sigma             mu           alfa        zRot298         
------------------------------------------------------------------------------------------------------------------
    1. H2                    1        38.0000         2.9200         0.0000         0.7900       280.0000
    2. O2                    1       107.4000         3.4580         0.0000         1.6000         3.8000
    3. H2O                   2       572.4000         2.6050         1.8440         0.0000         4.0000
    4. O                     0        80.0000         2.7500         0.0000         0.0000         0.0000
    5. H                     0       145.0000         2.0500         0.0000         0.0000         0.0000
    6. OH                    1        80.0000         2.7500         0.0000         0.0000         0.0000
    7. CO                    1        98.1000         3.6500         0.0000         1.9500         1.8000
    8. CO2                   1       244.0000         3.7630         0.0000         2.6500         2.1000
    9. CH4                   2       141.4000         3.7460         0.0000         2.6000        13.0000
   10. CH                    1        80.0000         2.7500         0.0000         0.0000         0.0000
   11. CH2                   1       144.0000         3.8000         0.0000         0.0000         0.0000
   12. CH3                   1       144.0000         3.8000         0.0000         0.0000         0.0000
   13. C                     0        71.4000         3.2980         0.0000         0.0000         0.0000
   14. N2                    1        97.5300         3.6210         0.0000         1.7600         4.0000
   15. COOH                  2       498.0000         3.5900         0.0000         0.0000         0.0000
   16. HCOO                  2       498.0000         3.5900         0.0000         0.0000         0.0000
------------------------------------------------------------------------------------------------------------------


---------------------------------------------------------------------------------------
                                  CHEMICAL REACTIONS                                 

                         Units: [kmol, m3, s] and [cal/mol]                          
---------------------------------------------------------------------------------------


      1. H2  => H2 
         k:       1.000000e+01	    0.00      10000.00


