------------------------------
  Elements     Atomic Weight  
------------------------------
  1.	C         12.01099968
  2.	H          1.00800002
  3.	O         15.99899960
  4.	N         14.00699997
  5.	RH       102.90500000
------------------------------


----------------------------------------------------------------------------------------------------------------------
                                                Molecular        Temperature        Elements
  Species                  Phase  Charge         weight         Low      High       C       H       O       N      RH
----------------------------------------------------------------------------------------------------------------------
    1. H2                    G      0            2.016000    300.00   5000.00       0       2       0       0       0
    2. O2                    G      0           31.997999    300.00   5000.00       0       0       2       0       0
    3. H2O                   G      0           18.015000    200.00   3500.00       0       2       1       0       0
    4. O                     G      0           15.999000    300.00   5000.00       0       0       1       0       0
    5. H                     G      0            1.008000    200.00   3500.00       0       1       0       0       0
    6. OH                    G      0           17.007000    200.00   3500.00       0       1       1       0       0
    7. CO                    G      0           28.009999    200.00   3500.00       1       0       1       0       0
    8. CO2                   G      0           44.008999    200.00   3500.00       1       0       2       0       0
    9. CH4                   G      0           16.043000    200.00   3500.00       1       4       0       0       0
   10. CH                    G      0           13.019000    200.00   3500.00       1       1       0       0       0
   11. CH2                   G      0           14.027000    200.00   3500.00       1       2       0       0       0
   12. CH3                   G      0           15.035000    200.00   3500.00       1       3       0       0       0
   13. C                     G      0           12.011000    200.00   3500.00       1       0       0       0       0
   14. N2                    G      0           28.014000    300.00   5000.00       0       0       0       2       0
   15. COOH                  G      0           45.016999    200.00   6000.00       1       1       2       0       0
   16. HCOO                  G      0           45.016999    298.15   5000.00       1       1       2       0       0
   17. RH_S_                 S      0          102.905000    300.00   3000.00       0       0       0       0       1
   18. H2O_S_                I      0          120.920000    300.00   3000.00       0       2       1       0       1
   19. H_S_                  I      0          103.913000    300.00   3000.00       0       1       0       0       1
   20. OH_S_                 I      0          119.912000    300.00   3000.00       0       1       1       0       1
   21. CO_S_                 S      0          130.914999    300.00   3000.00       1       0       1       0       1
   22. O_S_                  I      0          118.904000    300.00   3000.00       0       0       1       0       1
   23. CO2_S_                S      0          146.913999    300.00   3000.00       1       0       2       0       1
   24. COOH_S_               S      0          147.921999    300.00   3000.00       1       1       2       0       1
----------------------------------------------------------------------------------------------------------------------

----------------------------------------------------------------------------------------------------------------------
                                                Molecular        Temperature        Elements
  Species                  Phase  Charge         weight         Low      High       C       H       O       N      RH
----------------------------------------------------------------------------------------------------------------------
   18. H2O_S_                I      0          120.920000    300.00   3000.00       0       2       1       0       1
    2. O2                    G      0           31.997999    300.00   5000.00       0       0       2       0       0
   22. O_S_                  I      0          118.904000    300.00   3000.00       0       0       1       0       1
    3. H2O                   G      0           18.015000    200.00   3500.00       0       2       1       0       0
    1. H2                    G      0            2.016000    300.00   5000.00       0       2       0       0       0
    4. O                     G      0           15.999000    300.00   5000.00       0       0       1       0       0
   17. RH_S_                 S      0          102.905000    300.00   3000.00       0       0       0       0       1
   14. N2                    G      0           28.014000    300.00   5000.00       0       0       0       2       0
   19. H_S_                  I      0          103.913000    300.00   3000.00       0       1       0       0       1
    6. OH                    G      0           17.007000    200.00   3500.00       0       1       1       0       0
    5. H                     G      0            1.008000    200.00   3500.00       0       1       0       0       0
   20. OH_S_                 I      0          119.912000    300.00   3000.00       0       1       1       0       1
   24. COOH_S_               S      0          147.921999    300.00   3000.00       1       1       2       0       1
    9. CH4                   G      0           16.043000    200.00   3500.00       1       4       0       0       0
   11. CH2                   G      0           14.027000    200.00   3500.00       1       2       0       0       0
   12. CH3                   G      0           15.035000    200.00   3500.00       1       3       0       0       0
   13. C                     G      0           12.011000    200.00   3500.00       1       0       0       0       0
   16. HCOO                  G      0           45.016999    298.15   5000.00       1       1       2       0       0
   15. COOH                  G      0           45.016999    200.00   6000.00       1       1       2       0       0
   10. CH                    G      0           13.019000    200.00   3500.00       1       1       0       0       0
    7. CO                    G      0           28.009999    200.00   3500.00       1       0       1       0       0
   21. CO_S_                 S      0          130.914999    300.00   3000.00       1       0       1       0       1
    8. CO2                   G      0           44.008999    200.00   3500.00       1       0       2       0       0
   23. CO2_S_                S      0          146.913999    300.00   3000.00       1       0       2       0       1
----------------------------------------------------------------------------------------------------------------------

---------------------------------------------------------------------------------------
                                SURFACE MECHANISM                                    
---------------------------------------------------------------------------------------

       Number of materials:       1
       Number of site phases:     1
       Number of bulk phases:     0
       Number of surface species: 8
       Number of bulk species:    0

       Materials: 
       MAT-1

       ------------------------------------------------------------------------------------------------------------------
       Site phases:        density[mol/cm2]     sites      global-index   local-index   internal-index
       ------------------------------------------------------------------------------------------------------------------
       1. RH_SURFACE       2.490000e-09     
             Rh_s_                            1.000000         17             1              1              
             H2O_s_                           1.000000         18             2              2              
             H_s_                             1.000000         19             3              3              
             OH_s_                            1.000000         20             4              4              
             CO_s_                            1.000000         21             5              5              
             O_s_                             1.000000         22             6              6              
             CO2_s_                           1.000000         23             7              7              
             COOH_s_                          1.000000         24             8              8              

--------------------------------------------------------------------------------------------------------
                                  CHEMICAL REACTIONS                                                  

                         Units: [kmol, m3, s] and [cal/mol]                                           
--------------------------------------------------------------------------------------------------------


      1. H2 + 2Rh_s_  => 2H_s_ 
         k:       7.730000e-05	    0.94          0.50


      2. 2H_s_  => H2 + 2Rh_s_ 
         k:       5.560000e+10	   -0.43          0.50


      3. H2O + Rh_s_  => H2O_s_ 
         k:       7.720000e-05	    1.41          0.50


      4. H2O_s_  => H2O + Rh_s_ 
         k:       2.060000e+13	   -1.86          0.50


      5. CO + Rh_s_  => CO_s_ 
         k:       5.000000e-04	   -2.00          0.50


      6. CO_s_  => CO + Rh_s_ 
         k:       5.650000e+12	    1.99          0.50


      7. CO2 + Rh_s_  => CO2_s_ 
         k:       3.670000e-04	   -2.33          0.50


      8. CO2_s_  => CO2 + Rh_s_ 
         k:       7.540000e+10	    2.18          0.50


      9. Rh_s_ + H2O_s_  => H_s_ + OH_s_ 
         k:       1.150000e+10	    0.03          0.55


     10. H_s_ + OH_s_  => Rh_s_ + H2O_s_ 
         k:       3.600000e+07	    1.30          0.55


     11. Rh_s_ + OH_s_  => H_s_ + O_s_ 
         k:       1.820000e+13	   -0.27          0.70


     12. H_s_ + O_s_  => Rh_s_ + OH_s_ 
         k:       1.640000e+13	   -0.82          0.70


     13. Rh_s_ + CO2_s_  => CO_s_ + O_s_ 
         k:       8.240000e+08	    1.97          0.44


     14. CO_s_ + O_s_  => Rh_s_ + CO2_s_ 
         k:       6.540000e+08	    1.36          0.44


     15. Rh_s_ + COOH_s_  => OH_s_ + CO_s_ 
         k:       1.070000e+11	   -0.41          0.50


     16. OH_s_ + CO_s_  => Rh_s_ + COOH_s_ 
         k:       9.370000e+10	    0.41          0.50


     17. Rh_s_ + COOH_s_  => H_s_ + CO2_s_ 
         k:       1.000000e+09	   -0.44          2.20


     18. H_s_ + CO2_s_  => Rh_s_ + COOH_s_ 
         k:       9.990000e+08	    0.44          2.20


     19. H2O_s_ + CO2_s_  => OH_s_ + COOH_s_ 
         k:       1.780000e+12	   -0.19          0.01


     20. OH_s_ + COOH_s_  => H2O_s_ + CO2_s_ 
         k:       5.600000e+09	    0.19          0.01


