 ----------------------------------------------------------------------------------------------------------------------------------------------------------------------------------------------------------------------------------------------------------
                     SPECIFIC HEAT COEFFICIENTS                                                                     

             Cp = A + B*T + C*T^2 + D*T^3 + E*T^4  [J/kg/K]                                                         

    Species                      Cp(298K)         Cp(1000K)          LT-HT            A(LT)            B(LT)            C(LT)            D(LT)            E(LT)             A(HT)           B(HT)            C(HT)            D(HT)           E(HT)      
 ----------------------------------------------------------------------------------------------------------------------------------------------------------------------------------------------------------------------------------------------------------

    1. H2                       1.432099e+04     1.496067e+04     1.000000e+03     1.360225e+04     3.402265e+00    -3.358372e-03    -3.907894e-07     1.705319e-09     1.233733e+04     2.887232e+00    -2.323524e-04    -3.807322e-08     6.527644e-12
    2. O2                       9.161200e+02     1.091817e+03     1.000000e+03     8.348595e+02     2.929696e-01    -1.495696e-04     3.414020e-07    -2.278449e-10     9.607902e+02     1.594189e-01    -3.271015e-05     4.612947e-09    -2.952949e-13
    3. H2O                      1.864380e+03     2.292242e+03     1.000000e+03     1.937798e+03    -9.398754e-01     3.009361e-03    -2.532863e-06     8.178210e-10     1.400278e+03     1.004713e+00    -7.572438e-05    -4.478778e-08     7.762980e-12
    4. O                        1.369608e+03     1.307846e+03     1.000000e+03     1.646505e+03    -1.704217e+00     3.452310e-03    -3.184673e-06     1.097920e-09     1.335293e+03    -4.467958e-02     2.180004e-05    -5.206104e-09     6.383500e-13
    5. H                        2.062119e+04     2.062119e+04     1.000000e+03     2.062119e+04     5.817920e-09    -1.646329e-11     1.897822e-14    -7.652376e-18     2.062119e+04    -1.904102e-07     1.332640e-10    -3.905778e-14     4.109368e-18
    6. OH                       1.757327e+03     1.804775e+03     1.000000e+03     1.951635e+03    -1.173967e+00     2.257639e-03    -1.897427e-06     6.668948e-10     1.512065e+03     2.681189e-01     6.184647e-05    -4.299553e-08     5.740112e-12
    7. CO                       1.040366e+03     1.183965e+03     1.000000e+03     1.062545e+03    -1.811768e-01     3.018302e-04     2.692348e-07    -2.684685e-10     8.059732e+02     6.122387e-01    -2.964905e-04     6.828872e-08    -6.045060e-12
    8. CO2                      8.436562e+02     1.234313e+03     1.000000e+03     4.452568e+02     1.697428e+00    -1.345829e-03     4.646060e-07    -2.714864e-11     7.287761e+02     8.339911e-01    -4.184369e-04     9.890112e-08    -8.918917e-12
    9. CH4                      2.224358e+03     4.588709e+03     1.000000e+03     2.668980e+03    -7.085136e+00     2.548811e-02    -2.512234e-05     8.639099e-09     3.879262e+01     6.940006e+00    -2.971117e-03     6.337946e-07    -5.276687e-11
   10. CH                       2.240942e+03     2.478401e+03     1.000000e+03     2.228739e+03     2.068145e-01    -1.078658e-03     2.019492e-06    -8.979866e-10     1.838305e+03     6.200649e-01     9.224886e-05    -8.346257e-08     1.124514e-11
   11. CH2                      2.496057e+03     3.178875e+03     1.000000e+03     2.230317e+03     5.742961e-01     1.656668e-03    -2.282616e-06     1.000211e-09     1.703615e+03     2.167316e+00    -8.351485e-04     1.542206e-07    -1.112750e-11
   12. CH3                      2.554863e+03     3.919407e+03     1.000000e+03     2.031522e+03     1.112071e+00     3.168852e-03    -3.799808e-06     1.406771e-09     1.264018e+03     4.003717e+00    -1.651912e-03     3.294179e-07    -2.583397e-11
   13. C                        1.734961e+03     1.731134e+03     1.000000e+03     1.768140e+03    -2.225804e-01     5.079584e-04    -5.068803e-07     1.844961e-10     1.725518e+03     3.321973e-02    -5.014117e-05     2.590982e-08    -3.373119e-12
   14. N2                       1.037719e+03     1.169485e+03     1.000000e+03     9.790364e+02     4.179609e-01    -1.176271e-03     1.674383e-06    -7.256245e-10     8.686164e+02     4.416266e-01    -1.687218e-04     2.996768e-08    -2.004372e-12
   15. COOH                     9.685401e+02     1.523337e+03     1.000000e+03     5.396971e+02     1.408218e+00     6.092870e-04    -1.978746e-06     9.448802e-10     9.958860e+02     7.595186e-01    -2.737145e-04     4.430492e-08    -2.657894e-12
   16. HCOO                     8.821876e+02     1.477780e+03     1.000000e+03    -5.576650e+03     4.702500e+01    -1.188491e-01     1.279840e-04    -4.910545e-08     1.104098e+03     5.988730e-01    -2.708869e-04     5.389595e-08    -3.891637e-12

 ----------------------------------------------------------------------------------------------------------------------------------------------------------------------------------------------------------------------------------------------------------


 -------------------------------------------------------------------------------------------------------------------------------------------------------------------------------------------------------------------------------------------------------------------------------------------
                           ENTHALPY COEFFICIENTS                                                                     

             H/(RT) = A + B*T + C*T^2 + D*T^3 + E*T^4 + F/T  [-]                                                         

    Species                   H(298K)[J/kmol]  H(1000K)[J/kmol]      LT-HT            A(LT)            B(LT)            C(LT)            D(LT)            E(LT)           F(LT)             A(HT)            B(HT)            C(HT)           D(HT)             E(HT)            F(HT)      
 -------------------------------------------------------------------------------------------------------------------------------------------------------------------------------------------------------------------------------------------------------------------------------------------

    1. H2                      -1.882892e+03     2.066684e+07     1.000000e+03     3.298124e+00     4.124721e-04    -2.714338e-07    -2.368859e-11     8.269744e-14    -1.012521e+03     2.991422e+00     3.500322e-04    -1.877943e-08    -2.307895e-12     3.165504e-16    -8.350335e+02
    2. O2                      -5.244966e+03     2.272057e+07     1.000000e+03     3.212936e+00     5.637431e-04    -1.918717e-07     3.284693e-10    -1.753711e-13    -1.005249e+03     3.697577e+00     3.067598e-04    -4.196140e-08     4.438203e-12    -2.272870e-16    -1.233930e+03
    3. H2O                     -2.418296e+08    -2.158221e+08     1.000000e+03     4.198641e+00    -1.018217e-03     2.173467e-06    -1.371993e-09     3.543956e-13    -3.029373e+04     3.033992e+00     1.088459e-03    -5.469084e-08    -2.426050e-11     3.364020e-15    -3.000430e+04
    4. O                        2.491703e+08     2.640319e+08     1.000000e+03     3.168267e+00    -1.639659e-03     2.214355e-06    -1.532017e-09     4.225319e-13     2.912226e+04     2.569421e+00    -4.298706e-05     1.398282e-08    -2.504445e-12     2.456674e-16     2.921758e+04
    5. H                        2.179941e+08     2.325859e+08     1.000000e+03     2.500000e+00     3.526664e-13    -6.653065e-16     5.752041e-19    -1.855465e-22     2.547366e+04     2.500000e+00    -1.154215e-11     5.385398e-15    -1.183788e-18     9.963947e-23     2.547366e+04
    6. OH                       3.934240e+07     6.026563e+07     1.000000e+03     3.992015e+00    -1.200659e-03     1.539313e-06    -9.702833e-10     2.728229e-13     3.615081e+03     3.092888e+00     2.742149e-04     4.216841e-08    -2.198654e-11     2.348248e-15     3.858657e+03
    7. CO                      -1.105337e+08    -8.883940e+07     1.000000e+03     3.579533e+00    -3.051768e-04     3.389381e-07     2.267515e-10    -1.808849e-13    -1.434409e+04     2.715186e+00     1.031264e-03    -3.329419e-07     5.751325e-11    -4.072954e-15    -1.415187e+04
    8. CO2                     -3.935133e+08    -3.601107e+08     1.000000e+03     2.356774e+00     4.492298e-03    -2.374521e-06     6.147976e-10    -2.873991e-14    -4.837197e+04     3.857460e+00     2.207185e-03    -7.382713e-07     1.308725e-10    -9.441683e-15    -4.875917e+04
    9. CH4                     -7.460492e+07    -3.594844e+07     1.000000e+03     5.149876e+00    -6.835489e-03     1.639335e-05    -1.211858e-08     3.333879e-12    -1.024665e+04     7.485150e-02     6.695473e-03    -1.910953e-06     3.057313e-10    -2.036305e-14    -9.468345e+03
   10. CH                       5.973302e+08     6.185574e+08     1.000000e+03     3.489817e+00     1.619178e-04    -5.629969e-07     7.905433e-10    -2.812181e-13     7.079729e+04     2.878465e+00     4.854568e-04     4.814855e-08    -3.267196e-11     3.521588e-15     7.101244e+04
   11. CH2                      3.923278e+08     4.203588e+08     1.000000e+03     3.762679e+00     4.844361e-04     9.316328e-07    -9.627279e-10     3.374834e-13     4.600404e+04     2.874101e+00     1.828196e-03    -4.696487e-07     6.504489e-11    -3.754551e-15     4.626360e+04
   12. CH3                      1.468934e+08     1.814641e+08     1.000000e+03     3.673590e+00     1.005476e-03     1.910073e-06    -1.717794e-09     5.087715e-13     1.644500e+04     2.285718e+00     3.619950e-03    -9.957145e-07     1.489212e-10    -9.343088e-15     1.677558e+04
   13. C                        7.166727e+08     7.312752e+08     1.000000e+03     2.554240e+00    -1.607689e-04     2.445974e-07    -1.830587e-10     5.330429e-14     8.544388e+04     2.492669e+00     2.399446e-05    -2.414450e-08     9.357276e-12    -9.745558e-16     8.545130e+04
   14. N2                      -2.931729e+03     2.146986e+07     1.000000e+03     3.298677e+00     7.041200e-04    -1.321074e-06     1.410379e-09    -4.889708e-13    -1.020900e+03     2.926638e+00     7.439885e-04    -1.894920e-07     2.524260e-11    -1.350670e-15    -9.227954e+02
   15. COOH                    -2.130053e+08    -1.717735e+08     1.000000e+03     2.922083e+00     3.812259e-03     1.099621e-06    -2.678381e-09     1.023173e-12    -2.683836e+04     5.392026e+00     2.056131e-03    -4.939909e-07     5.997004e-11    -2.878127e-15    -2.767086e+04
   16. HCOO                    -1.506291e+08    -1.106822e+08     1.000000e+03    -3.019366e+01     1.273037e-01    -2.144949e-04     1.732359e-07    -5.317433e-11    -1.598878e+04     5.977918e+00     1.621239e-03    -4.888876e-07     7.295223e-11    -4.214099e-15    -2.049102e+04

 -------------------------------------------------------------------------------------------------------------------------------------------------------------------------------------------------------------------------------------------------------------------------------------------


 -------------------------------------------------------------------------------------------------------------------------------------------------------------------------------------------------------------------------------------------------------------------------------------------
                             ENTROPY COEFFICIENTS                                                                     

             S/R = A*lnT + B*T + C*T^2 + D*T^3 + E*T^4 + F  [-]                                                         

    Species                 S(298K)[J/kmol/K] S(1000K)[J/kmol/K]     LT-HT            A(LT)            B(LT)            C(LT)            D(LT)            E(LT)           F(LT)             A(HT)            B(HT)            C(HT)           D(HT)             E(HT)            F(HT)      
 -------------------------------------------------------------------------------------------------------------------------------------------------------------------------------------------------------------------------------------------------------------------------------------------

    1. H2                       1.305810e+05     1.661073e+05     1.000000e+03     3.298124e+00     8.249441e-04    -4.071507e-07    -3.158478e-11     1.033718e-13    -3.294094e+00     2.991422e+00     7.000644e-04    -2.816914e-08    -3.077193e-12     3.956880e-16    -1.355106e+00
    2. O2                       2.050299e+05     2.435085e+05     1.000000e+03     3.212936e+00     1.127486e-03    -2.878075e-07     4.379590e-10    -2.192138e-13     6.034739e+00     3.697577e+00     6.135197e-04    -6.294210e-08     5.917603e-12    -2.841088e-16     3.189171e+00
    3. H2O                      1.888111e+05     2.327350e+05     1.000000e+03     4.198641e+00    -2.036434e-03     3.260201e-06    -1.829324e-09     4.429945e-13    -8.490322e-01     3.033992e+00     2.176918e-03    -8.203626e-08    -3.234733e-11     4.205025e-15     4.966770e+00
    4. O                        1.610485e+05     1.867864e+05     1.000000e+03     3.168267e+00    -3.279319e-03     3.321532e-06    -2.042689e-09     5.281649e-13     2.051933e+00     2.569421e+00    -8.597411e-05     2.097423e-08    -3.339260e-12     3.070842e-16     4.784339e+00
    5. H                        1.147067e+05     1.398717e+05     1.000000e+03     2.500000e+00     7.053328e-13    -9.979598e-16     7.669388e-19    -2.319331e-22    -4.466829e-01     2.500000e+00    -2.308430e-11     8.078097e-15    -1.578384e-18     1.245493e-22    -4.466829e-01
    6. OH                       1.837236e+05     2.197255e+05     1.000000e+03     3.992015e+00    -2.401318e-03     2.308969e-06    -1.293711e-09     3.410287e-13    -1.039255e-01     3.092888e+00     5.484297e-04     6.325261e-08    -2.931539e-11     2.935309e-15     4.476696e+00
    7. CO                       1.976416e+05     2.345446e+05     1.000000e+03     3.579533e+00    -6.103537e-04     5.084072e-07     3.023353e-10    -2.261061e-13     3.508409e+00     2.715186e+00     2.062527e-03    -4.994129e-07     7.668434e-11    -5.091193e-15     7.818688e+00
    8. CO2                      2.137676e+05     2.692862e+05     1.000000e+03     2.356774e+00     8.984597e-03    -3.561781e-06     8.197301e-10    -3.592489e-14     9.901052e+00     3.857460e+00     4.414370e-03    -1.107407e-06     1.744967e-10    -1.180210e-14     2.271638e+00
    9. CH4                      1.863523e+05     2.482788e+05     1.000000e+03     5.149876e+00    -1.367098e-02     2.459003e-05    -1.615810e-08     4.167349e-12    -4.641304e+00     7.485150e-02     1.339095e-02    -2.866429e-06     4.076418e-10    -2.545381e-14     1.843732e+01
   10. CH                       1.830217e+05     2.192747e+05     1.000000e+03     3.489817e+00     3.238355e-04    -8.444953e-07     1.054058e-09    -3.515227e-13     2.084011e+00     2.878465e+00     9.709137e-04     7.222283e-08    -4.356262e-11     4.401985e-15     5.484980e+00
   11. CH2                      1.944008e+05     2.416077e+05     1.000000e+03     3.762679e+00     9.688721e-04     1.397449e-06    -1.283637e-09     4.218543e-13     1.562532e+00     2.874101e+00     3.656393e-03    -7.044730e-07     8.672652e-11    -4.693189e-15     6.171193e+00
   12. CH3                      1.939885e+05     2.511172e+05     1.000000e+03     3.673590e+00     2.010952e-03     2.865109e-06    -2.290391e-09     6.359643e-13     1.604564e+00     2.285718e+00     7.239900e-03    -1.493572e-06     1.985615e-10    -1.167886e-14     8.480072e+00
   13. C                        1.580902e+05     1.832780e+05     1.000000e+03     2.554240e+00    -3.215377e-04     3.668961e-07    -2.440783e-10     6.663036e-14     4.531308e+00     2.492669e+00     4.798893e-05    -3.621675e-08     1.247637e-11    -1.218195e-15     4.801504e+00
   14. N2                       1.914976e+05     2.280885e+05     1.000000e+03     3.298677e+00     1.408240e-03    -1.981611e-06     1.880505e-09    -6.112135e-13     3.950372e+00     2.926638e+00     1.487977e-03    -2.842380e-07     3.365680e-11    -1.688338e-15     5.980540e+00
   15. COOH                     2.517130e+05     3.197689e+05     1.000000e+03     2.922083e+00     7.624518e-03     1.649431e-06    -3.571175e-09     1.278966e-12     1.129258e+01     5.392026e+00     4.112262e-03    -7.409863e-07     7.996005e-11    -3.597659e-15    -2.235081e+00
   16. HCOO                     2.397218e+05     3.056945e+05     1.000000e+03    -3.019366e+01     2.546075e-01    -3.217424e-04     2.309812e-07    -6.646791e-11     1.479586e+02     5.977918e+00     3.242478e-03    -7.333315e-07     9.726963e-11    -5.267624e-15    -7.128540e+00

 -------------------------------------------------------------------------------------------------------------------------------------------------------------------------------------------------------------------------------------------------------------------------------------------


