------------------------------
  Elements     Atomic Weight  
------------------------------
  1.	H          1.00800002
  2.	O         15.99899960
  3.	C         12.01099968
  4.	N         14.00699997
  5.	RH       102.90500000
------------------------------


----------------------------------------------------------------------------------------------------------------------
                                                Molecular        Temperature        Elements
  Species                  Phase  Charge         weight         Low      High       H       O       C       N      RH
----------------------------------------------------------------------------------------------------------------------
    1. H2                    G      0            2.016000    300.00   5000.00       2       0       0       0       0
    2. O2                    G      0           31.997999    300.00   5000.00       0       2       0       0       0
    3. H2O                   G      0           18.015000    200.00   3500.00       2       1       0       0       0
    4. O                     G      0           15.999000    300.00   5000.00       0       1       0       0       0
    5. H                     G      0            1.008000    200.00   3500.00       1       0       0       0       0
    6. OH                    G      0           17.007000    200.00   3500.00       1       1       0       0       0
    7. CO                    G      0           28.009999    200.00   3500.00       0       1       1       0       0
    8. CO2                   G      0           44.008999    200.00   3500.00       0       2       1       0       0
    9. CH4                   G      0           16.043000    200.00   3500.00       4       0       1       0       0
   10. CH                    G      0           13.019000    200.00   3500.00       1       0       1       0       0
   11. CH2                   G      0           14.027000    200.00   3500.00       2       0       1       0       0
   12. CH3                   G      0           15.035000    200.00   3500.00       3       0       1       0       0
   13. C                     G      0           12.011000    200.00   3500.00       0       0       1       0       0
   14. N2                    G      0           28.014000    300.00   5000.00       0       0       0       2       0
   15. COOH                  G      0           45.016999    200.00   6000.00       1       2       1       0       0
   16. HCOO                  G      0           45.016999    298.15   5000.00       1       2       1       0       0
   17. RH(S)                 S      0          102.905000    300.00   3000.00       0       0       0       0       1
   18. H2O(S)                I      0          120.920000    300.00   3000.00       2       1       0       0       1
   19. H(S)                  I      0          103.913000    300.00   3000.00       1       0       0       0       1
   20. OH(S)                 I      0          119.912000    300.00   3000.00       1       1       0       0       1
   21. CO(S)                 S      0          130.914999    300.00   3000.00       0       1       1       0       1
   22. C(S)                  S      0          114.916000    300.00   3000.00       0       0       1       0       1
   23. CH3(S)                S      0          117.940000    300.00   3000.00       3       0       1       0       1
   24. CH2(S)                S      0          116.932000    300.00   3000.00       2       0       1       0       1
   25. CH(S)                 S      0          115.924000    300.00   3000.00       1       0       1       0       1
   26. O(S)                  I      0          118.904000    300.00   3000.00       0       1       0       0       1
   27. CO2(S)                S      0          146.913999    300.00   3000.00       0       2       1       0       1
   28. COOH(S)               S      0          147.921999    300.00   3000.00       1       2       1       0       1
   29. HCOO(S)               S      0          147.921999    300.00   3000.00       1       2       1       0       1
----------------------------------------------------------------------------------------------------------------------

---------------------------------------------------------------------------------------
                                SURFACE MECHANISM                                    
---------------------------------------------------------------------------------------

       Number of materials:       1
       Number of site phases:     1
       Number of bulk phases:     0
       Number of surface species: 13
       Number of bulk species:    0

       Materials: 
       MAT-1

       ------------------------------------------------------------------------------------------------------------------
       Site phases:        density[mol/cm2]     sites      global-index   local-index   internal-index
       ------------------------------------------------------------------------------------------------------------------
       1. RH_SURFACE       2.490000e-09     
             Rh(s)                            1.000000         17             1              1              
             H2O(s)                           1.000000         18             2              2              
             H(s)                             1.000000         19             3              3              
             OH(s)                            1.000000         20             4              4              
             CO(s)                            1.000000         21             5              5              
             C(s)                             1.000000         22             6              6              
             CH3(s)                           1.000000         23             7              7              
             CH2(s)                           1.000000         24             8              8              
             CH(s)                            1.000000         25             9              9              
             O(s)                             1.000000         26             10             10             
             CO2(s)                           1.000000         27             11             11             
             COOH(s)                          1.000000         28             12             12             
             HCOO(s)                          1.000000         29             13             13             

--------------------------------------------------------------------------------------------------------
                                  CHEMICAL REACTIONS                                                  

                         Units: [kmol, m3, s] and [cal/mol]                                           
--------------------------------------------------------------------------------------------------------


      1. H2 + 2Rh(s)  => 2H(s) 
         k:       7.730000e-05	    0.94          0.50


      2. 2H(s)  => H2 + 2Rh(s) 
         k:       5.560000e+10	   -0.43          0.50


      3. O2 + 2Rh(s)  => 2O(s) 
         k:       4.810000e-06	    2.00          0.50


      4. 2O(s)  => O2 + 2Rh(s) 
         k:       4.310000e+11	    1.20          0.50


      5. Rh(s) + OH(s)  => H(s) + O(s) 
         k:       1.820000e+13	   -0.27          0.70


      6. H(s) + O(s)  => Rh(s) + OH(s) 
         k:       1.640000e+13	   -0.82          0.70


      7. Rh(s) + H2O(s)  => H(s) + OH(s) 
         k:       1.150000e+10	    0.03          0.55


      8. H(s) + OH(s)  => Rh(s) + H2O(s) 
         k:       3.600000e+07	    1.30          0.55


      9. H2O(s) + O(s)  => 2OH(s) 
         k:       2.080000e+12	   -2.11          0.80


     10. 2OH(s)  => H2O(s) + O(s) 
         k:       7.220000e+09	   -0.29          0.80


     11. OH + Rh(s)  => OH(s) 
         k:       2.660000e-04	   -0.29          0.50


     12. OH(s)  => OH + Rh(s) 
         k:       1.140000e+13	   -0.95          0.50


     13. H2O + Rh(s)  => H2O(s) 
         k:       7.720000e-05	    1.41          0.50


     14. H2O(s)  => H2O + Rh(s) 
         k:       2.060000e+13	   -1.86          0.50


     15. H + Rh(s)  => H(s) 
         k:       1.930000e-04	    1.53          0.50


     16. H(s)  => H + Rh(s) 
         k:       2.400000e+12	    1.32          0.50


     17. O + Rh(s)  => O(s) 
         k:       4.460000e-05	   -1.92          0.50


     18. O(s)  => O + Rh(s) 
         k:       9.740000e+12	   -1.97          0.50


     19. CO + Rh(s)  => CO(s) 
         k:       5.000000e-04	   -2.00          0.50


     20. CO(s)  => CO + Rh(s) 
         k:       5.650000e+12	    1.99          0.50


     21. CO2 + Rh(s)  => CO2(s) 
         k:       3.670000e-04	   -2.33          0.50


     22. CO2(s)  => CO2 + Rh(s) 
         k:       7.540000e+10	    2.18          0.50


     23. Rh(s) + CO2(s)  => CO(s) + O(s) 
         k:       8.240000e+08	    1.97          0.44


     24. CO(s) + O(s)  => Rh(s) + CO2(s) 
         k:       6.540000e+08	    1.36          0.44


     25. COOH + Rh(s)  => COOH(s) 
         k:       5.340000e-04	   -1.08          0.50


     26. COOH(s)  => COOH + Rh(s) 
         k:       1.120000e+11	    1.68          0.50


     27. HCOO + Rh(s)  => HCOO(s) 
         k:       1.889400e-05	   -0.55          0.50


     28. HCOO(s)  => HCOO + Rh(s) 
         k:       3.742400e+13	    0.55          0.50


     29. H(s) + CO2(s)  => OH(s) + CO(s) 
         k:       6.420000e-02	    0.03          0.70


     30. OH(s) + CO(s)  => H(s) + CO2(s) 
         k:       5.640000e-02	    0.03          0.70


     31. Rh(s) + COOH(s)  => OH(s) + CO(s) 
         k:       1.070000e+11	   -0.41          0.50


     32. OH(s) + CO(s)  => Rh(s) + COOH(s) 
         k:       9.370000e+10	    0.41          0.50


     33. Rh(s) + COOH(s)  => H(s) + CO2(s) 
         k:       1.000000e+09	   -0.44          2.20


     34. H(s) + CO2(s)  => Rh(s) + COOH(s) 
         k:       9.990000e+08	    0.44          2.20


     35. H2O(s) + CO(s)  => H(s) + COOH(s) 
         k:       3.340000e+08	   -0.22          0.90


     36. H(s) + COOH(s)  => H2O(s) + CO(s) 
         k:       1.200000e+06	    0.22          0.90


     37. OH(s) + CO2(s)  => O(s) + COOH(s) 
         k:       1.050000e+10	    0.72          0.50


     38. O(s) + COOH(s)  => OH(s) + CO2(s) 
         k:       9.510000e+09	   -0.72          0.50


     39. H2O(s) + CO2(s)  => OH(s) + COOH(s) 
         k:       1.900000e+12	   -0.19          0.01


     40. OH(s) + COOH(s)  => H2O(s) + CO2(s) 
         k:       5.600000e+09	    0.19          0.01


     41. H(s) + CO2(s)  => Rh(s) + HCOO(s) 
         k:       1.040000e+08	    1.13          0.50


     42. Rh(s) + HCOO(s)  => H(s) + CO2(s) 
         k:       3.860000e+12	   -1.13          0.50


     43. OH(s) + CO2(s)  => O(s) + HCOO(s) 
         k:       1.090000e+08	    1.40          0.50


     44. O(s) + HCOO(s)  => OH(s) + CO2(s) 
         k:       3.670000e+12	   -1.40          0.50


     45. H2O(s) + CO2(s)  => OH(s) + HCOO(s) 
         k:       9.240000e+08	    0.49          0.50


     46. OH(s) + HCOO(s)  => H2O(s) + CO2(s) 
         k:       1.080000e+11	   -0.49          0.50


     47. C + Rh(s)  => C(s) 
         k:       4.980000e-05	   -1.86          0.50


     48. C(s)  => C + Rh(s) 
         k:       3.540000e+04	    1.86          0.50


     49. CH + Rh(s)  => CH(s) 
         k:       2.290000e-05	   -1.08          0.50


     50. CH(s)  => CH + Rh(s) 
         k:       3.080000e+13	    1.08          0.50


     51. CH2 + Rh(s)  => CH2(s) 
         k:       4.090000e-05	   -0.43          0.50


     52. CH2(s)  => CH2 + Rh(s) 
         k:       1.730000e+13	    0.43          0.50


     53. CH3 + Rh(s)  => CH3(s) 
         k:       1.350000e-04	    0.03          0.50


     54. CH3(s)  => CH3 + Rh(s) 
         k:       5.220000e+12	   -0.03          0.50


     55. CH4 + 2Rh(s)  => H(s) + CH3(s) 
         k:       5.720000e-05	    0.79          0.50


     56. H(s) + CH3(s)  => CH4 + 2Rh(s) 
         k:       7.720000e+09	   -0.79          0.50


     57. Rh(s) + CH3(s)  => H(s) + CH2(s) 
         k:       2.490000e+09	    0.09          0.50


     58. H(s) + CH2(s)  => Rh(s) + CH3(s) 
         k:       2.570000e+08	   -0.09          0.50


     59. Rh(s) + CH2(s)  => H(s) + CH(s) 
         k:       5.500000e+09	   -0.13          0.50


     60. H(s) + CH(s)  => Rh(s) + CH2(s) 
         k:       7.270000e+08	    0.13          0.50


     61. Rh(s) + CH(s)  => H(s) + C(s) 
         k:       4.580000e+11	   -0.25          0.50


     62. H(s) + C(s)  => Rh(s) + CH(s) 
         k:       2.180000e+10	    0.25          0.50


     63. CH3(s) + O(s)  => OH(s) + CH2(s) 
         k:       2.960000e+10	   -0.19          0.50


     64. OH(s) + CH2(s)  => CH3(s) + O(s) 
         k:       3.380000e+09	    0.19          0.50


     65. OH(s) + CH(s)  => CH2(s) + O(s) 
         k:       3.830000e+09	    0.41          0.50


     66. CH2(s) + O(s)  => OH(s) + CH(s) 
         k:       2.610000e+10	   -0.41          0.50


     67. OH(s) + C(s)  => CH(s) + O(s) 
         k:       2.300000e+09	    0.52          0.50


     68. CH(s) + O(s)  => OH(s) + C(s) 
         k:       4.350000e+10	   -0.52          0.50


     69. H2O(s) + CH2(s)  => OH(s) + CH3(s) 
         k:       5.730000e+09	   -0.72          0.50


     70. OH(s) + CH3(s)  => H2O(s) + CH2(s) 
         k:       1.740000e+08	    0.72          0.50


     71. H2O(s) + CH(s)  => OH(s) + CH2(s) 
         k:       6.490000e+10	   -0.50          0.50


     72. OH(s) + CH2(s)  => H2O(s) + CH(s) 
         k:       1.540000e+09	    0.50          0.50


     73. H2O(s) + C(s)  => OH(s) + CH(s) 
         k:       9.740000e+10	   -0.39          0.50


     74. OH(s) + CH(s)  => H2O(s) + C(s) 
         k:       6.410000e+09	    0.39          0.50


     75. Rh(s) + CO(s)  => C(s) + O(s) 
         k:       1.250000e+08	    0.57          0.50


     76. C(s) + O(s)  => Rh(s) + CO(s) 
         k:       7.220000e+08	   -0.57          0.50


     77. H(s) + CO(s)  => CH(s) + O(s) 
         k:       9.070000e+08	    0.82          0.70


     78. CH(s) + O(s)  => H(s) + CO(s) 
         k:       1.100000e+11	   -0.82          0.70


     79. H(s) + CO(s)  => OH(s) + C(s) 
         k:       1.180000e+11	    0.29          0.45


     80. OH(s) + C(s)  => H(s) + CO(s) 
         k:       7.600000e+11	   -0.29          0.45


     81. 2CO(s)  => C(s) + CO2(s) 
         k:       1.110000e+06	    0.26          0.90


     82. C(s) + CO2(s)  => 2CO(s) 
         k:       8.100000e+06	   -0.26          0.90


