 ====================================================================================================
   THERMO TABLE FOR MOLECULE H2
 ====================================================================================================
   Elemental Composition:
     H 2
   Formation Enthalpy at 298K =          -0.000449976 kcal/mol
   Formation Free Gibbs Energy at 298K = -9.29996 kcal/mol
   Molecular Weight =                    2.016 kg/kmol
 -----------------------------------------------------------------------------------------------------
   Temperature       Cp             H             G            S             DH            DG         
       [K]       [cal/mol/K]    [kcal/mol]    [kcal/mol]  [cal/(mol-K)]  [kcal/mol]     [kcal/mol]    
 -----------------------------------------------------------------------------------------------------
     300.0000      6.9011        0.0134        -9.3624       31.2526       0.0138        -0.0625       
     600.0000      7.0202        2.1054        -19.5435      36.0814       2.1058        -10.2435      
     800.0000      7.0693        3.5138        -26.9718      38.1069       3.5142        -17.6718      
     1000.0000     7.2078        4.9390        -34.7575      39.6965       4.9394        -25.4576      
     1200.0000     7.4268        6.4027        -42.8336      41.0302       6.4031        -33.5336      
     1400.0000     7.6337        7.9089        -51.1581      42.1907       7.9094        -41.8582      
     1600.0000     7.8285        9.4553        -59.7014      43.2229       9.4558        -50.4014      
     1800.0000     8.0111        11.0395       -68.4407      44.1557       11.0399       -59.1407      
     2000.0000     8.1818        12.6590       -77.3583      45.0087       12.6594       -68.0584      
     2200.0000     8.3408        14.3114       -86.4398      45.7960       14.3119       -77.1398      
     2400.0000     8.4884        15.9945       -95.6731      46.5282       15.9950       -86.3731      
     2600.0000     8.6252        17.7061       -105.0479     47.2131       17.7065       -95.7480      
 -----------------------------------------------------------------------------------------------------


 ====================================================================================================
   THERMO TABLE FOR MOLECULE O2
 ====================================================================================================
   Elemental Composition:
     O 2.0000
   Formation Enthalpy at 298K =          -0.0013 kcal/mol
   Formation Free Gibbs Energy at 298K = -14.6027 kcal/mol
   Molecular Weight =                    31.9980 kg/kmol
 -----------------------------------------------------------------------------------------------------
   Temperature       Cp             H             G            S             DH            DG         
       [K]       [cal/mol/K]    [kcal/mol]    [kcal/mol]  [cal/(mol-K)]  [kcal/mol]     [kcal/mol]    
 -----------------------------------------------------------------------------------------------------
     300.0000      7.0096        0.0128        -14.7008      49.0452       0.0140        -0.0980       
     600.0000      7.6546        2.2114        -30.2483      54.0995       2.2127        -15.6455      
     800.0000      8.0674        3.7847        -41.3030      56.3597       3.7860        -26.7003      
     1000.0000     8.3490        5.4298        -52.7642      58.1939       5.4310        -38.1614      
     1200.0000     8.5060        7.1155        -64.5608      59.7302       7.1167        -49.9580      
     1400.0000     8.6516        8.8314        -76.6420      61.0525       8.8327        -62.0393      
     1600.0000     8.7869        10.5755       -88.9713      62.2167       10.5767       -74.3685      
     1800.0000     8.9130        12.3456       -101.5206     63.2590       12.3469       -86.9179      
     2000.0000     9.0308        14.1401       -114.2684     64.2043       14.1414       -99.6657      
     2200.0000     9.1411        15.9574       -127.1971     65.0702       15.9587       -112.5943     
     2400.0000     9.2448        17.7961       -140.2921     65.8701       17.7974       -125.6893     
     2600.0000     9.3426        19.6549       -153.5414     66.6140       19.6562       -138.9386     
 -----------------------------------------------------------------------------------------------------


 ====================================================================================================
   THERMO TABLE FOR MOLECULE H2O
 ====================================================================================================
   Elemental Composition:
     H 2.0000
     O 1.0000
   Formation Enthalpy at 298K =          -57.7927 kcal/mol
   Formation Free Gibbs Energy at 298K = -71.2392 kcal/mol
   Molecular Weight =                    18.0150 kg/kmol
 -----------------------------------------------------------------------------------------------------
   Temperature       Cp             H             G            S             DH            DG         
       [K]       [cal/mol/K]    [kcal/mol]    [kcal/mol]  [cal/(mol-K)]  [kcal/mol]     [kcal/mol]    
 -----------------------------------------------------------------------------------------------------
     300.0000      8.0289        -57.7767      -71.3295      45.1760       0.0161        -0.0903       
     600.0000      8.6800        -55.2821      -85.8304      50.9138       2.5107        -14.5912      
     800.0000      9.2565        -53.4890      -96.2802      53.4890       4.3037        -25.0410      
     1000.0000     9.8687        -51.5774      -107.1967     55.6193       6.2153        -35.9575      
     1200.0000     10.4858       -49.5410      -118.5098     57.4740       8.2517        -47.2706      
     1400.0000     11.0446       -47.3870      -130.1733     59.1331       10.4058       -58.9341      
     1600.0000     11.5440       -45.1271      -142.1530     60.6412       12.6656       -70.9138      
     1800.0000     11.9845       -42.7733      -154.4216     62.0269       15.0194       -83.1825      
     2000.0000     12.3677       -40.3371      -166.9569     63.3099       17.4556       -95.7177      
     2200.0000     12.6966       -37.8298      -179.7397     64.5045       19.9629       -108.5005     
     2400.0000     12.9753       -35.2619      -192.7535     65.6215       22.5309       -121.5143     
     2600.0000     13.2093       -32.6427      -205.9837     66.6696       25.1500       -134.7445     
 -----------------------------------------------------------------------------------------------------


 ====================================================================================================
   THERMO TABLE FOR MOLECULE O
 ====================================================================================================
   Elemental Composition:
     O 1.0000
   Formation Enthalpy at 298K =          59.5470 kcal/mol
   Formation Free Gibbs Energy at 298K = 48.0777 kcal/mol
   Molecular Weight =                    15.9990 kg/kmol
 -----------------------------------------------------------------------------------------------------
   Temperature       Cp             H             G            S             DH            DG         
       [K]       [cal/mol/K]    [kcal/mol]    [kcal/mol]  [cal/(mol-K)]  [kcal/mol]     [kcal/mol]    
 -----------------------------------------------------------------------------------------------------
     300.0000      5.2338        59.5575       48.0007       38.5226       0.0105        -0.0770       
     600.0000      5.0516        61.0914       35.8472       42.0737       1.5444        -12.2306      
     800.0000      5.0155        62.0981       27.2805       43.5220       2.5511        -20.7972      
     1000.0000     5.0005        63.0986       18.4602       44.6384       3.5516        -29.6175      
     1200.0000     4.9911        64.0978       9.4387        45.5493       4.5507        -38.6391      
     1400.0000     4.9844        65.0953       0.2499        46.3181       5.5483        -47.8278      
     1600.0000     4.9800        66.0917       -9.0817       46.9834       6.5447        -57.1594      
     1800.0000     4.9775        67.0874       -18.5382      47.5698       7.5404        -66.6159      
     2000.0000     4.9770        68.0828       -28.1055      48.0941       8.5358        -76.1832      
     2200.0000     4.9783        69.0783       -37.7725      48.5686       9.5313        -85.8502      
     2400.0000     4.9814        70.0742       -47.5302      49.0018       10.5272       -95.6079      
     2600.0000     4.9864        71.0710       -57.3709      49.4007       11.5240       -105.4487     
 -----------------------------------------------------------------------------------------------------


 ====================================================================================================
   THERMO TABLE FOR MOLECULE H
 ====================================================================================================
   Elemental Composition:
     H 1.0000
   Formation Enthalpy at 298K =          52.0965 kcal/mol
   Formation Free Gibbs Energy at 298K = 43.9275 kcal/mol
   Molecular Weight =                    1.0080 kg/kmol
 -----------------------------------------------------------------------------------------------------
   Temperature       Cp             H             G            S             DH            DG         
       [K]       [cal/mol/K]    [kcal/mol]    [kcal/mol]  [cal/(mol-K)]  [kcal/mol]     [kcal/mol]    
 -----------------------------------------------------------------------------------------------------
     300.0000      4.9675        52.1064       43.8726       27.4460       0.0099        -0.0549       
     600.0000      4.9675        53.5967       35.0631       30.8892       1.5002        -8.8643       
     800.0000      4.9675        54.5902       28.7356       32.3182       2.4937        -15.1919      
     1000.0000     4.9675        55.5837       22.1569       33.4267       3.4872        -21.7705      
     1200.0000     4.9675        56.5772       15.3783       34.3324       4.4807        -28.5492      
     1400.0000     4.9675        57.5707       8.4333        35.0981       5.4742        -35.4942      
     1600.0000     4.9675        58.5642       1.3458        35.7615       6.4677        -42.5816      
     1800.0000     4.9675        59.5577       -5.8661       36.3465       7.4612        -49.7936      
     2000.0000     4.9675        60.5512       -13.1887      36.8699       8.4547        -57.1162      
     2200.0000     4.9675        61.5447       -20.6108      37.3434       9.4482        -64.5382      
     2400.0000     4.9675        62.5382       -28.1233      37.7756       10.4417       -72.0508      
     2600.0000     4.9675        63.5317       -35.7187      38.1732       11.4352       -79.6462      
 -----------------------------------------------------------------------------------------------------


 ====================================================================================================
   THERMO TABLE FOR MOLECULE OH
 ====================================================================================================
   Elemental Composition:
     O 1.0000
     H 1.0000
   Formation Enthalpy at 298K =          9.4021 kcal/mol
   Formation Free Gibbs Energy at 298K = -3.6820 kcal/mol
   Molecular Weight =                    17.0070 kg/kmol
 -----------------------------------------------------------------------------------------------------
   Temperature       Cp             H             G            S             DH            DG         
       [K]       [cal/mol/K]    [kcal/mol]    [kcal/mol]  [cal/(mol-K)]  [kcal/mol]     [kcal/mol]    
 -----------------------------------------------------------------------------------------------------
     300.0000      7.1403        9.4164        -3.7699       43.9542       0.0143        -0.0879       
     600.0000      7.0581        11.5365       -17.7772      48.8562       2.1344        -14.0951      
     800.0000      7.1493        12.9560       -27.7618      50.8973       3.5539        -24.0798      
     1000.0000     7.3352        14.4024       -38.1079      52.5103       5.0003        -34.4259      
     1200.0000     7.5616        15.8922       -48.7492      53.8678       6.4902        -45.0671      
     1400.0000     7.7740        17.4261       -59.6434      55.0496       8.0240        -55.9614      
     1600.0000     7.9698        19.0007       -70.7603      56.1007       9.5986        -67.0783      
     1800.0000     8.1473        20.6127       -82.0769      57.0498       11.2107       -78.3948      
     2000.0000     8.3058        22.2584       -93.5748      57.9166       12.8563       -89.8927      
     2200.0000     8.4454        23.9338       -105.2390     58.7149       14.5317       -101.5569     
     2400.0000     8.5671        25.6353       -117.0569     59.4551       16.2332       -113.3748     
     2600.0000     8.6728        27.3596       -129.0176     60.1451       17.9575       -125.3356     
 -----------------------------------------------------------------------------------------------------


 ====================================================================================================
   THERMO TABLE FOR MOLECULE CO
 ====================================================================================================
   Elemental Composition:
     C 1.0000
     O 1.0000
   Formation Enthalpy at 298K =          -26.4155 kcal/mol
   Formation Free Gibbs Energy at 298K = -40.4908 kcal/mol
   Molecular Weight =                    28.0100 kg/kmol
 -----------------------------------------------------------------------------------------------------
   Temperature       Cp             H             G            S             DH            DG         
       [K]       [cal/mol/K]    [kcal/mol]    [kcal/mol]  [cal/(mol-K)]  [kcal/mol]     [kcal/mol]    
 -----------------------------------------------------------------------------------------------------
     300.0000      6.9646        -26.4016      -40.5853      47.2792       0.0139        -0.0945       
     600.0000      7.2686        -24.2766      -55.5828      52.1771       2.1389        -15.0920      
     800.0000      7.6220        -22.7882      -66.2406      54.3156       3.6273        -25.7498      
     1000.0000     7.9253        -21.2309      -77.2827      56.0517       5.1845        -36.7919      
     1200.0000     8.1610        -19.6213      -88.6434      57.5185       6.7942        -48.1526      
     1400.0000     8.3415        -17.9702      -100.2772     58.7907       8.4453        -59.7864      
     1600.0000     8.4787        -16.2876      -112.1498     59.9139       10.1279       -71.6590      
     1800.0000     8.5827        -14.5809      -124.2349     60.9188       11.8345       -83.7441      
     2000.0000     8.6624        -12.8561      -136.5109     61.8274       13.5594       -96.0201      
     2200.0000     8.7249        -11.1171      -148.9605     62.6561       15.2983       -108.4697     
     2400.0000     8.7758        -9.3669       -161.5689     63.4175       17.0486       -121.0781     
     2600.0000     8.8193        -7.6073       -174.3237     64.1217       18.8082       -133.8329     
 -----------------------------------------------------------------------------------------------------


 ====================================================================================================
   THERMO TABLE FOR MOLECULE CO2
 ====================================================================================================
   Elemental Composition:
     C 1.0000
     O 2.0000
   Formation Enthalpy at 298K =          -94.0423 kcal/mol
   Formation Free Gibbs Energy at 298K = -109.2660 kcal/mol
   Molecular Weight =                    44.0090 kg/kmol
 -----------------------------------------------------------------------------------------------------
   Temperature       Cp             H             G            S             DH            DG         
       [K]       [cal/mol/K]    [kcal/mol]    [kcal/mol]  [cal/(mol-K)]  [kcal/mol]     [kcal/mol]    
 -----------------------------------------------------------------------------------------------------
     300.0000      8.8943        -94.0245      -109.3683     51.1458       0.0178        -0.1022       
     600.0000      11.3172       -90.9572      -125.8387     58.1358       3.0851        -16.5726      
     800.0000      12.2908       -88.5901      -137.8173     61.5340       5.4522        -28.5512      
     1000.0000     12.9817       -86.0597      -150.4140     64.3543       7.9826        -41.1480      
     1200.0000     13.4561       -83.4137      -163.5318     66.7651       10.6286       -54.2658      
     1400.0000     13.8129       -80.6851      -177.0996     68.8675       13.3572       -67.8335      
     1600.0000     14.0786       -77.8946      -191.0629     70.7302       16.1477       -81.7969      
     1800.0000     14.2761       -75.0582      -205.3788     72.4004       18.9841       -96.1128      
     2000.0000     14.4247       -72.1874      -220.0125     73.9126       21.8549       -110.7465     
     2200.0000     14.5401       -69.2905      -234.9351     75.2930       24.7518       -125.6691     
     2400.0000     14.6344       -66.3728      -250.1223     76.5623       27.6695       -140.8563     
     2600.0000     14.7162       -63.4375      -265.5537     77.7370       30.6047       -156.2877     
 -----------------------------------------------------------------------------------------------------


 ====================================================================================================
   THERMO TABLE FOR MOLECULE CH4
 ====================================================================================================
   Elemental Composition:
     C 1.0000
     H 4.0000
   Formation Enthalpy at 298K =          -17.8292 kcal/mol
   Formation Free Gibbs Energy at 298K = -31.1005 kcal/mol
   Molecular Weight =                    16.0430 kg/kmol
 -----------------------------------------------------------------------------------------------------
   Temperature       Cp             H             G            S             DH            DG         
       [K]       [cal/mol/K]    [kcal/mol]    [kcal/mol]  [cal/(mol-K)]  [kcal/mol]     [kcal/mol]    
 -----------------------------------------------------------------------------------------------------
     300.0000      8.5461        -17.8121      -31.1896      44.5918       0.0171        -0.0891       
     600.0000      12.6016       -14.6797      -45.6791      51.6657       3.1495        -14.5786      
     800.0000      15.2945       -11.8810      -56.4192      55.6727       5.9481        -25.3187      
     1000.0000     17.5930       -8.5910       -67.9250      59.3340       9.2382        -36.8245      
     1200.0000     19.4542       -4.8798       -80.1342      62.7119       12.9494       -49.0337      
     1400.0000     20.9635       -0.8327       -92.9923      65.8283       16.9964       -61.8918      
     1600.0000     22.1870       3.4866        -106.4498     68.7103       21.3157       -75.3493      
     1800.0000     23.1831       8.0269        -120.4625     71.3830       25.8561       -89.3620      
     2000.0000     24.0023       12.7480       -134.9906     73.8693       30.5772       -103.8901     
     2200.0000     24.6875       17.6189       -149.9992     76.1900       35.4481       -118.8986     
     2400.0000     25.2738       22.6165       -165.4568     78.3639       40.4456       -134.3563     
     2600.0000     25.7885       27.7237       -181.3360     80.4076       45.5529       -150.2355     
 -----------------------------------------------------------------------------------------------------


 ====================================================================================================
   THERMO TABLE FOR MOLECULE CH
 ====================================================================================================
   Elemental Composition:
     C 1.0000
     H 1.0000
   Formation Enthalpy at 298K =          142.7507 kcal/mol
   Formation Free Gibbs Energy at 298K = 129.7165 kcal/mol
   Molecular Weight =                    13.0190 kg/kmol
 -----------------------------------------------------------------------------------------------------
   Temperature       Cp             H             G            S             DH            DG         
       [K]       [cal/mol/K]    [kcal/mol]    [kcal/mol]  [cal/(mol-K)]  [kcal/mol]     [kcal/mol]    
 -----------------------------------------------------------------------------------------------------
     300.0000      6.9723        142.7646      129.6290      43.7854       0.0139        -0.0875       
     600.0000      7.1073        144.8691      115.6834      48.6428       2.1184        -14.0331      
     800.0000      7.3738        146.3151      105.7384      50.7209       3.5644        -23.9782      
     1000.0000     7.7110        147.8236      95.4210       52.4025       5.0729        -34.2955      
     1200.0000     8.0717        149.4023      84.7935       53.8407       6.6516        -44.9231      
     1400.0000     8.4048        151.0504      73.8959       55.1103       8.2997        -55.8206      
     1600.0000     8.7066        152.7621      62.7578       56.2527       10.0114       -66.9587      
     1800.0000     8.9748        154.5308      51.4016       57.2940       11.7801       -78.3149      
     2000.0000     9.2084        156.3497      39.8457       58.2520       13.5990       -89.8708      
     2200.0000     9.4075        158.2119      28.1055       59.1393       15.4612       -101.6110     
     2400.0000     9.5738        160.1105      16.1941       59.9652       17.3598       -113.5224     
     2600.0000     9.7104        162.0394      4.1230        60.7371       19.2887       -125.5935     
 -----------------------------------------------------------------------------------------------------


 ====================================================================================================
   THERMO TABLE FOR MOLECULE CH2
 ====================================================================================================
   Elemental Composition:
     C 1.0000
     H 2.0000
   Formation Enthalpy at 298K =          93.7590 kcal/mol
   Formation Free Gibbs Energy at 298K = 79.9144 kcal/mol
   Molecular Weight =                    14.0270 kg/kmol
 -----------------------------------------------------------------------------------------------------
   Temperature       Cp             H             G            S             DH            DG         
       [K]       [cal/mol/K]    [kcal/mol]    [kcal/mol]  [cal/(mol-K)]  [kcal/mol]     [kcal/mol]    
 -----------------------------------------------------------------------------------------------------
     300.0000      8.3744        93.7757       79.8215       46.5141       0.0167        -0.0930       
     600.0000      9.4125        96.4465       64.8604       52.6434       2.6875        -15.0540      
     800.0000      10.0264       98.3912       54.0420       55.4365       4.6322        -25.8724      
     1000.0000     10.6562       100.4578      42.7181       57.7397       6.6989        -37.1963      
     1200.0000     11.2137       102.6466      30.9665       59.7335       8.8877        -48.9480      
     1400.0000     11.6703       104.9366      18.8400       61.4976       11.1776       -61.0745      
     1600.0000     12.0414       107.3091      6.3794        63.0810       13.5501       -73.5350      
     1800.0000     12.3411       109.7484      -6.3826       64.5172       15.9894       -86.2971      
     2000.0000     12.5820       112.2416      -19.4193      65.8304       18.4826       -99.3337      
     2200.0000     12.7754       114.7781      -32.7078      67.0390       21.0191       -112.6223     
     2400.0000     12.9310       117.3493      -46.2289      68.1576       23.5903       -126.1433     
     2600.0000     13.0572       119.9485      -59.9656      69.1977       26.1895       -139.8801     
 -----------------------------------------------------------------------------------------------------


 ====================================================================================================
   THERMO TABLE FOR MOLECULE CH3
 ====================================================================================================
   Elemental Composition:
     C 1.0000
     H 3.0000
   Formation Enthalpy at 298K =          35.1048 kcal/mol
   Formation Free Gibbs Energy at 298K = 21.2896 kcal/mol
   Molecular Weight =                    15.0350 kg/kmol
 -----------------------------------------------------------------------------------------------------
   Temperature       Cp             H             G            S             DH            DG         
       [K]       [cal/mol/K]    [kcal/mol]    [kcal/mol]  [cal/(mol-K)]  [kcal/mol]     [kcal/mol]    
 -----------------------------------------------------------------------------------------------------
     300.0000      9.1952        35.1231       21.1968       46.4210       0.0184        -0.0928       
     600.0000      11.5018       38.2311       6.1252        53.5098       3.1264        -15.1644      
     800.0000      12.8631       40.6708       -4.9370       57.0097       5.5660        -26.2265      
     1000.0000     14.0828       43.3665       -16.6458      60.0123       8.2617        -37.9354      
     1200.0000     15.1103       46.2894       -28.9194      62.6740       11.1847       -50.2090      
     1400.0000     15.9395       49.3974       -41.6976      65.0678       14.2927       -62.9872      
     1600.0000     16.6039       52.6542       -54.9318      67.2413       17.5495       -76.2214      
     1800.0000     17.1336       56.0300       -68.5817      69.2287       20.9252       -89.8713      
     2000.0000     17.5551       59.5004       -82.6127      71.0566       24.3957       -103.9023     
     2200.0000     17.8914       63.0463       -96.9951      72.7461       27.9416       -118.2847     
     2400.0000     18.1619       66.6526       -111.7031     74.3149       31.5479       -132.9927     
     2600.0000     18.3824       70.3078       -126.7140     75.7776       35.2030       -148.0036     
 -----------------------------------------------------------------------------------------------------


 ====================================================================================================
   THERMO TABLE FOR MOLECULE C
 ====================================================================================================
   Elemental Composition:
     C 1.0000
   Formation Enthalpy at 298K =          171.2713 kcal/mol
   Formation Free Gibbs Energy at 298K = 160.0127 kcal/mol
   Molecular Weight =                    12.0110 kg/kmol
 -----------------------------------------------------------------------------------------------------
   Temperature       Cp             H             G            S             DH            DG         
       [K]       [cal/mol/K]    [kcal/mol]    [kcal/mol]  [cal/(mol-K)]  [kcal/mol]     [kcal/mol]    
 -----------------------------------------------------------------------------------------------------
     300.0000      4.9798        171.2813      159.9371      37.8139       0.0100        -0.0756       
     600.0000      4.9712        172.7732      148.0164      41.2614       1.5019        -11.9963      
     800.0000      4.9693        173.7673      139.6143      42.6913       2.4960        -20.3984      
     1000.0000     4.9691        174.7610      130.9610      43.8000       3.4897        -29.0517      
     1200.0000     4.9685        175.7547      122.1077      44.7059       4.4834        -37.9050      
     1400.0000     4.9712        176.7486      113.0879      45.4719       5.4773        -46.9248      
     1600.0000     4.9782        177.7435      103.9257      46.1362       6.4722        -56.0870      
     1800.0000     4.9903        178.7403      94.6386       46.7232       7.4690        -65.3741      
     2000.0000     5.0080        179.7400      85.2404       47.2498       8.4687        -74.7723      
     2200.0000     5.0312        180.7438      75.7419       47.7282       9.4725        -84.2708      
     2400.0000     5.0597        181.7528      66.1518       48.1671       10.4815       -93.8609      
     2600.0000     5.0926        182.7680      56.4772       48.5734       11.4967       -103.5355     
 -----------------------------------------------------------------------------------------------------


 ====================================================================================================
   THERMO TABLE FOR MOLECULE N2
 ====================================================================================================
   Elemental Composition:
     N 2.0000
   Formation Enthalpy at 298K =          -0.0007 kcal/mol
   Formation Free Gibbs Energy at 298K = -13.6385 kcal/mol
   Molecular Weight =                    28.0140 kg/kmol
 -----------------------------------------------------------------------------------------------------
   Temperature       Cp             H             G            S             DH            DG         
       [K]       [cal/mol/K]    [kcal/mol]    [kcal/mol]  [cal/(mol-K)]  [kcal/mol]     [kcal/mol]    
 -----------------------------------------------------------------------------------------------------
     300.0000      6.9485        0.0132        -13.7300      45.8108       0.0139        -0.0916       
     600.0000      7.1901        2.1285        -28.2849      50.6890       2.1292        -14.6465      
     800.0000      7.5026        3.5960        -38.6422      52.7977       3.5967        -25.0037      
     1000.0000     7.8295        5.1309        -49.3780      54.5089       5.1316        -35.7395      
     1200.0000     8.0555        6.7201        -60.4283      55.9570       6.7208        -46.7898      
     1400.0000     8.2395        8.3503        -71.7480      57.2131       8.3510        -58.1096      
     1600.0000     8.3880        10.0136       -83.3038      58.3234       10.0143       -69.6653      
     1800.0000     8.5065        11.7035       -95.0697      59.3184       11.7042       -81.4312      
     2000.0000     8.6005        13.4146       -107.0250     60.2198       13.4153       -93.3865      
     2200.0000     8.6746        15.1424       -119.1524     61.0431       15.1431       -105.5140     
     2400.0000     8.7331        16.8834       -131.4378     61.8005       16.8841       -117.7993     
     2600.0000     8.7796        18.6348       -143.8689     62.5014       18.6355       -130.2304     
 -----------------------------------------------------------------------------------------------------


 ====================================================================================================
   THERMO TABLE FOR MOLECULE COOH
 ====================================================================================================
   Elemental Composition:
     H 1.0000
     C 1.0000
     O 2.0000
   Formation Enthalpy at 298K =          -50.9043 kcal/mol
   Formation Free Gibbs Energy at 298K = -68.8304 kcal/mol
   Molecular Weight =                    45.0170 kg/kmol
 -----------------------------------------------------------------------------------------------------
   Temperature       Cp             H             G            S             DH            DG         
       [K]       [cal/mol/K]    [kcal/mol]    [kcal/mol]  [cal/(mol-K)]  [kcal/mol]     [kcal/mol]    
 -----------------------------------------------------------------------------------------------------
     300.0000      10.4487       -50.8834      -68.9507      60.2245       0.0209        -0.1204       
     600.0000      13.9751       -47.1768      -88.3647      68.6465       3.7274        -19.5344      
     800.0000      15.3855       -44.2299      -102.5304     72.8757       6.6744        -33.7001      
     1000.0000     16.3884       -41.0506      -117.4694     76.4187       9.8536        -48.6390      
     1200.0000     17.0432       -37.7054      -133.0652     79.4665       13.1989       -64.2348      
     1400.0000     17.5799       -34.2412      -149.2308     82.1354       16.6630       -80.4005      
     1600.0000     18.0142       -30.6802      -165.8999     84.5123       20.2240       -97.0696      
     1800.0000     18.3607       -27.0414      -183.0202     86.6549       23.8629       -114.1898     
     2000.0000     18.6330       -23.3409      -200.5490     88.6041       27.5634       -131.7187     
     2200.0000     18.8435       -19.5923      -218.4510     90.3903       31.3120       -149.6206     
     2400.0000     19.0036       -15.8068      -236.6958     92.0371       35.0974       -167.8655     
     2600.0000     19.1235       -11.9935      -255.2577     93.5632       38.9107       -186.4274     
 -----------------------------------------------------------------------------------------------------


 ====================================================================================================
   THERMO TABLE FOR MOLECULE HCOO
 ====================================================================================================
   Elemental Composition:
     H 1.0000
     C 1.0000
     O 2.0000
   Formation Enthalpy at 298K =          -35.9975 kcal/mol
   Formation Free Gibbs Energy at 298K = -53.0696 kcal/mol
   Molecular Weight =                    45.0170 kg/kmol
 -----------------------------------------------------------------------------------------------------
   Temperature       Cp             H             G            S             DH            DG         
       [K]       [cal/mol/K]    [kcal/mol]    [kcal/mol]  [cal/(mol-K)]  [kcal/mol]     [kcal/mol]    
 -----------------------------------------------------------------------------------------------------
     300.0000      9.5990        -35.9784      -53.1843      57.3529       0.0191        -0.1146       
     600.0000      12.1907       -32.3682      -71.7428      65.6243       3.6293        -18.6731      
     800.0000      14.9984       -29.7204      -85.2510      69.4132       6.2771        -32.1814      
     1000.0000     15.8983       -26.4510      -99.5062      73.0552       9.5465        -46.4366      
     1200.0000     16.3281       -23.2220      -114.4193     75.9978       12.7756       -61.3496      
     1400.0000     16.6163       -19.9261      -129.8786     78.5375       16.0714       -76.8090      
     1600.0000     16.8267       -16.5806      -145.8139     80.7708       19.4169       -92.7443      
     1800.0000     16.9750       -13.1995      -162.1708     82.7618       22.7980       -109.1012     
     2000.0000     17.0754       -9.7938       -178.9055     84.5559       26.2037       -125.8359     
     2200.0000     17.1405       -6.3717       -195.9823     86.1866       29.6258       -142.9126     
     2400.0000     17.1812       -2.9392       -213.3710     87.6799       33.0583       -160.3014     
     2600.0000     17.2068       0.4997        -231.0465     89.0562       36.4973       -177.9768     
 -----------------------------------------------------------------------------------------------------


